<?xml version="1.0" encoding="UTF-8"?>
<!-- Generated by org.testng.reporters.JUnitReportReporter -->
<testsuite hostname="DESKTOP-VG9MAAH" failures="0" tests="1" name="Test.CreateTest" time="16.086" errors="0" timestamp="2023-07-27T03:07:50 IST" skipped="0">
  <testcase classname="Test.CreateTest" name="verify" time="16.086"/>
</testsuite> <!-- Test.CreateTest -->
