<?xml version="1.0" encoding="UTF-8"?>
<!-- Generated by org.testng.reporters.JUnitReportReporter -->
<testsuite hostname="DESKTOP-VG9MAAH" failures="0" tests="2" name="Test.ProductTest" time="71.353" errors="0" timestamp="2023-07-27T01:09:56 IST" skipped="0">
  <testcase classname="Test.ProductTest" name="logon" time="9.437"/>
  <testcase classname="Test.ProductTest" name="VerifyProduct" time="61.916"/>
</testsuite> <!-- Test.ProductTest -->
