<?xml version="1.0" encoding="UTF-8"?>
<!-- Generated by org.testng.reporters.JUnitReportReporter -->
<testsuite hostname="DESKTOP-VG9MAAH" failures="0" tests="3" name="Test.CartTest" time="60.670" errors="0" timestamp="2023-07-27T01:43:50 IST" skipped="0">
  <testcase classname="Test.CartTest" name="logon" time="9.488"/>
  <testcase classname="Test.CartTest" name="VerifyProduct" time="29.385"/>
  <testcase classname="Test.CartTest" name="VerifyCart" time="21.797"/>
</testsuite> <!-- Test.CartTest -->
