<?xml version="1.0" encoding="UTF-8"?>
<!-- Generated by org.testng.reporters.JUnitReportReporter -->
<testsuite hostname="DESKTOP-VG9MAAH" failures="0" tests="4" name="Test.CheckoutTest" time="105.535" errors="0" timestamp="2023-07-27T03:07:50 IST" skipped="0">
  <testcase classname="Test.CheckoutTest" name="logon" time="9.588"/>
  <testcase classname="Test.CheckoutTest" name="VerifyProduct" time="49.271"/>
  <testcase classname="Test.CheckoutTest" name="VerifyCart" time="29.406"/>
  <testcase classname="Test.CheckoutTest" name="VerifyCheckout" time="17.270"/>
</testsuite> <!-- Test.CheckoutTest -->
