<?xml version="1.0" encoding="UTF-8"?>
<!-- Generated by org.testng.reporters.JUnitReportReporter -->
<testsuite hostname="DESKTOP-VG9MAAH" failures="0" tests="1" name="Test.LoginTest" time="9.541" errors="0" timestamp="2023-07-26T23:50:28 IST" skipped="0">
  <testcase classname="Test.LoginTest" name="logon" time="9.541"/>
</testsuite> <!-- Test.LoginTest -->
